  SimpleServer.cpp
  Please define _WIN32_WINNT or _WIN32_WINDOWS appropriately. For example:
  - add -D_WIN32_WINNT=0x0601 to the compiler command line; or
  - add _WIN32_WINNT=0x0601 to your project's Preprocessor Definitions.
  Assuming _WIN32_WINNT=0x0601 (i.e. Windows 7 target).
D:\dev\cpp\Sun-Net\Sun-Net\include\netServer.hpp(121,25): warning C4018: '<': signed/unsigned mismatch
  (compiling source file 'src/SimpleServer.cpp')
  D:\dev\cpp\Sun-Net\Sun-Net\include\netServer.hpp(121,25):
  the template instantiation context (the oldest one first) is
  	D:\dev\cpp\Sun-Net\SunServer\include\server.hpp(11,25):
  	see reference to class template instantiation 'sun::net::server_interface<sun::Header>' being compiled
  	D:\dev\cpp\Sun-Net\Sun-Net\include\netServer.hpp(118,9):
  	while compiling class template member function 'void sun::net::server_interface<sun::Header>::Update(uint32_t)'
  		D:\dev\cpp\Sun-Net\SunServer\src\SimpleServer.cpp(11,13):
  		see the first reference to 'sun::net::server_interface<sun::Header>::Update' in 'main'
  
D:\dev\cpp\Sun-Net\Sun-Net\include\message.hpp(64,22): warning C4244: 'argument': conversion from 'uint64_t' to 'const unsigned int', possible loss of data
  (compiling source file 'src/SimpleServer.cpp')
  D:\dev\cpp\Sun-Net\Sun-Net\include\message.hpp(64,22):
  the template instantiation context (the oldest one first) is
  	D:\dev\cpp\Sun-Net\SunServer\include\server.hpp(42,11):
  	see reference to function template instantiation 'sun::net::message<T> &sun::net::operator >><uint32_t>(sun::net::message<T> &,DataType &)' being compiled
          with
          [
              T=sun::Header,
              DataType=uint32_t
          ]
  		D:\dev\cpp\Sun-Net\SunServer\include\server.hpp(42,11):
  		see the first reference to 'sun::net::operator >>' in 'sun::net::server::HandleRoomRequest'
  
D:\dev\cpp\Sun-Net\Sun-Net\include\message.hpp(75,36): warning C4244: 'argument': conversion from 'uint64_t' to 'size_t', possible loss of data
  (compiling source file 'src/SimpleServer.cpp')
  D:\dev\cpp\Sun-Net\Sun-Net\include\message.hpp(75,36):
  the template instantiation context (the oldest one first) is
  	D:\dev\cpp\Sun-Net\SunServer\include\server.hpp(48,9):
  	see reference to function template instantiation 'void sun::net::message<T>::DeSerializeArray<_Elem>(DataType *,uint64_t)' being compiled
          with
          [
              T=sun::Header,
              _Elem=char,
              DataType=char
          ]
  		D:\dev\cpp\Sun-Net\SunServer\include\server.hpp(48,27):
  		see the first reference to 'sun::net::message<T>::DeSerializeArray' in 'sun::net::server::HandleRoomRequest'
          with
          [
              T=sun::Header
          ]
  
D:\dev\cpp\Sun-Net\Sun-Net\include\message.hpp(77,17): warning C4244: 'argument': conversion from 'uint64_t' to 'const unsigned int', possible loss of data
  (compiling source file 'src/SimpleServer.cpp')
  
D:\dev\cpp\Sun-Net\Sun-Net\include\message.hpp(47,19): warning C4244: 'argument': conversion from 'uint64_t' to 'const unsigned int', possible loss of data
  (compiling source file 'src/SimpleServer.cpp')
  D:\dev\cpp\Sun-Net\Sun-Net\include\message.hpp(47,19):
  the template instantiation context (the oldest one first) is
  	D:\dev\cpp\Sun-Net\SunServer\include\server.hpp(76,11):
  	see reference to function template instantiation 'void sun::net::message<T>::SerializeArray<_Elem>(DataType *,uint64_t)' being compiled
          with
          [
              T=sun::Header,
              _Elem=char,
              DataType=char
          ]
  		D:\dev\cpp\Sun-Net\SunServer\include\server.hpp(76,27):
  		see the first reference to 'sun::net::message<T>::SerializeArray' in 'sun::net::server::HandleRoomRequest'
          with
          [
              T=sun::Header
          ]
  
D:\dev\cpp\Sun-Net\Sun-Net\include\message.hpp(49,37): warning C4244: 'argument': conversion from 'uint64_t' to 'size_t', possible loss of data
  (compiling source file 'src/SimpleServer.cpp')
  
D:\dev\cpp\Sun-Net\Sun-Net\include\message.hpp(36,24): warning C4244: 'argument': conversion from 'uint64_t' to 'const unsigned int', possible loss of data
  (compiling source file 'src/SimpleServer.cpp')
  D:\dev\cpp\Sun-Net\Sun-Net\include\message.hpp(36,24):
  the template instantiation context (the oldest one first) is
  	D:\dev\cpp\Sun-Net\SunServer\include\server.hpp(77,13):
  	see reference to function template instantiation 'sun::net::message<T> &sun::net::operator <<<unsigned int>(sun::net::message<T> &,const DataType &)' being compiled
          with
          [
              T=sun::Header,
              DataType=unsigned int
          ]
  		D:\dev\cpp\Sun-Net\SunServer\include\server.hpp(77,43):
  		see the first reference to 'sun::net::operator <<' in 'sun::net::server::HandleRoomRequest'
  
  SunServer.vcxproj -> D:\dev\cpp\Sun-Net\Debug\SunServer.exe
